<?xml version="1.0" encoding="UTF-8"?>
<!-- Generated by org.testng.reporters.JUnitReportReporter -->
<testsuite skipped="0" hostname="DESKTOP-RTGTF08" name="com.web.open.test.LoginTest" tests="5" failures="0" timestamp="2022-02-23T20:10:24 IST" time="5.182" errors="0">
  <testcase name="loginPageTitleTest" time="0.033" classname="com.web.open.test.LoginTest"/>
  <system-out/>
  <testcase name="forgotPwdLinkTest" time="0.184" classname="com.web.open.test.LoginTest"/>
  <system-out/>
  <testcase name="loginTest" time="3.936" classname="com.web.open.test.LoginTest"/>
  <system-out/>
  <testcase name="loginLinksTest" time="0.361" classname="com.web.open.test.LoginTest"/>
  <system-out/>
  <testcase name="footerLinksTest" time="0.668" classname="com.web.open.test.LoginTest"/>
  <system-out/>
</testsuite> <!-- com.web.open.test.LoginTest -->
