<?xml version="1.0" encoding="UTF-8"?>
<!-- Generated by org.testng.reporters.JUnitReportReporter -->
<testsuite skipped="0" hostname="DESKTOP-RTGTF08" name="com.web.open.test.AccountPageTest" tests="6" failures="0" timestamp="2022-02-23T20:56:48 IST" time="2.235" errors="0">
  <testcase name="accPageTitleTest" time="0.022" classname="com.web.open.test.AccountPageTest"/>
  <system-out/>
  <testcase name="accPageUrlTest" time="0.013" classname="com.web.open.test.AccountPageTest"/>
  <system-out/>
  <testcase name="logOutLinkTest" time="0.190" classname="com.web.open.test.AccountPageTest"/>
  <system-out/>
  <testcase name="accSectionTest" time="0.130" classname="com.web.open.test.AccountPageTest"/>
  <system-out/>
  <testcase name="accHeaderTest" time="0.052" classname="com.web.open.test.AccountPageTest"/>
  <system-out/>
  <testcase name="searchTest" time="1.828" classname="com.web.open.test.AccountPageTest"/>
  <system-out/>
</testsuite> <!-- com.web.open.test.AccountPageTest -->
